Flow report for 5
Fri Feb 16 02:53:19 2024
Quartus Prime Version 22.1std.0 Build 915 10/25/2022 SC Standard Edition


---------------------
; Table of Contents ;
---------------------
  1. Legal Notice
  2. Flow Summary
  3. Flow Settings
  4. Flow Non-Default Global Settings
  5. Flow Elapsed Time
  6. Flow OS Summary
  7. Flow Log
  8. Flow Messages
  9. Flow Suppressed Messages



----------------
; Legal Notice ;
----------------
Copyright (C) 2022  Intel Corporation. All rights reserved.
Your use of Intel Corporation's design tools, logic functions 
and other software and tools, and any partner logic 
functions, and any output files from any of the foregoing 
(including device programming or simulation files), and any 
associated documentation or information are expressly subject 
to the terms and conditions of the Intel Program License 
Subscription Agreement, the Intel Quartus Prime License Agreement,
the Intel FPGA IP License Agreement, or other applicable license
agreement, including, without limitation, that your use is for
the sole purpose of programming logic devices manufactured by
Intel and sold by Intel or its authorized distributors.  Please
refer to the applicable agreement for further details, at
https://fpgasoftware.intel.com/eula.



+----------------------------------------------------------------------------+
; Flow Summary                                                               ;
+-----------------------+----------------------------------------------------+
; Flow Status           ; Successful - Fri Feb 16 02:53:19 2024              ;
; Quartus Prime Version ; 22.1std.0 Build 915 10/25/2022 SC Standard Edition ;
; Revision Name         ; 5                                                  ;
; Top-level Entity Name ; 5                                                  ;
; Family                ; MAX II                                             ;
; Device                ; EPM570ZM256I8                                      ;
; Timing Models         ; Final                                              ;
; Total logic elements  ; 10 / 570 ( 2 % )                                   ;
; Total pins            ; 2 / 160 ( 1 % )                                    ;
; Total virtual pins    ; 0                                                  ;
; UFM blocks            ; 0 / 1 ( 0 % )                                      ;
+-----------------------+----------------------------------------------------+


+-----------------------------------------+
; Flow Settings                           ;
+-------------------+---------------------+
; Option            ; Setting             ;
+-------------------+---------------------+
; Start date & time ; 02/16/2024 02:51:55 ;
; Main task         ; Compilation         ;
; Revision Name     ; 5                   ;
+-------------------+---------------------+


+-------------------------------------------------------------------------------------------------------------------------------------+
; Flow Non-Default Global Settings                                                                                                    ;
+---------------------------------+---------------------------------+---------------+-------------+-----------------------------------+
; Assignment Name                 ; Value                           ; Default Value ; Entity Name ; Section Id                        ;
+---------------------------------+---------------------------------+---------------+-------------+-----------------------------------+
; COMPILER_SIGNATURE_ID           ; 247205045536313.170804111500728 ; --            ; --          ; --                                ;
; EDA_GENERATE_FUNCTIONAL_NETLIST ; Off                             ; --            ; --          ; eda_board_design_timing           ;
; EDA_GENERATE_FUNCTIONAL_NETLIST ; Off                             ; --            ; --          ; eda_board_design_boundary_scan    ;
; EDA_GENERATE_FUNCTIONAL_NETLIST ; Off                             ; --            ; --          ; eda_board_design_signal_integrity ;
; EDA_GENERATE_FUNCTIONAL_NETLIST ; Off                             ; --            ; --          ; eda_board_design_symbol           ;
; EDA_OUTPUT_DATA_FORMAT          ; Verilog Hdl                     ; --            ; --          ; eda_simulation                    ;
; EDA_SIMULATION_TOOL             ; ModelSim (Verilog)              ; <None>        ; --          ; --                                ;
; EDA_TIME_SCALE                  ; 1 ps                            ; --            ; --          ; eda_simulation                    ;
; MAX_CORE_JUNCTION_TEMP          ; 100                             ; --            ; --          ; --                                ;
; MIN_CORE_JUNCTION_TEMP          ; -40                             ; --            ; --          ; --                                ;
; POWER_AUTO_COMPUTE_TJ           ; Off                             ; On            ; --          ; --                                ;
; POWER_TJ_VALUE                  ; 0                               ; 25            ; --          ; --                                ;
; PROJECT_OUTPUT_DIRECTORY        ; output_files                    ; --            ; --          ; --                                ;
+---------------------------------+---------------------------------+---------------+-------------+-----------------------------------+


+--------------------------------------------------------------------------------------------------------------------------+
; Flow Elapsed Time                                                                                                        ;
+----------------------+--------------+-------------------------+---------------------+------------------------------------+
; Module Name          ; Elapsed Time ; Average Processors Used ; Peak Virtual Memory ; Total CPU Time (on all processors) ;
+----------------------+--------------+-------------------------+---------------------+------------------------------------+
; Analysis & Synthesis ; 00:00:19     ; 1.0                     ; 509 MB              ; 00:00:02                           ;
; EDA Netlist Writer   ; 00:00:02     ; 1.0                     ; 445 MB              ; 00:00:01                           ;
; EDA Netlist Writer   ; 00:00:02     ; 1.0                     ; 443 MB              ; 00:00:01                           ;
; Fitter               ; 00:00:05     ; 1.0                     ; 635 MB              ; 00:00:04                           ;
; Assembler            ; 00:00:01     ; 1.0                     ; 493 MB              ; 00:00:01                           ;
; Timing Analyzer      ; 00:00:02     ; 1.0                     ; 437 MB              ; 00:00:01                           ;
; EDA Netlist Writer   ; 00:00:01     ; 1.0                     ; 446 MB              ; 00:00:01                           ;
; EDA Netlist Writer   ; 00:00:01     ; 1.0                     ; 442 MB              ; 00:00:01                           ;
; EDA Netlist Writer   ; 00:00:01     ; 1.0                     ; 448 MB              ; 00:00:01                           ;
; Total                ; 00:00:34     ; --                      ; --                  ; 00:00:13                           ;
+----------------------+--------------+-------------------------+---------------------+------------------------------------+


+--------------------------------------------------------------------------------------+
; Flow OS Summary                                                                      ;
+----------------------+--------------------+------------+------------+----------------+
; Module Name          ; Machine Hostname   ; OS Name    ; OS Version ; Processor type ;
+----------------------+--------------------+------------+------------+----------------+
; Analysis & Synthesis ; goodhumored-huawei ; Windows 10 ; 10.0       ; x86_64         ;
; EDA Netlist Writer   ; goodhumored-huawei ; Windows 10 ; 10.0       ; x86_64         ;
; EDA Netlist Writer   ; goodhumored-huawei ; Windows 10 ; 10.0       ; x86_64         ;
; Fitter               ; goodhumored-huawei ; Windows 10 ; 10.0       ; x86_64         ;
; Assembler            ; goodhumored-huawei ; Windows 10 ; 10.0       ; x86_64         ;
; Timing Analyzer      ; goodhumored-huawei ; Windows 10 ; 10.0       ; x86_64         ;
; EDA Netlist Writer   ; goodhumored-huawei ; Windows 10 ; 10.0       ; x86_64         ;
; EDA Netlist Writer   ; goodhumored-huawei ; Windows 10 ; 10.0       ; x86_64         ;
; EDA Netlist Writer   ; goodhumored-huawei ; Windows 10 ; 10.0       ; x86_64         ;
+----------------------+--------------------+------------+------------+----------------+


------------
; Flow Log ;
------------
quartus_map --read_settings_files=on --write_settings_files=off 5 -c 5
quartus_eda --gen_testbench --tool=modelsim_oem --format=verilog --write_settings_files=off 5 -c 5 --vector_source=/home/goodhumored/Documents/vuz/5sem/schematech/5/Waveform.vwf --testbench_file=/home/goodhumored/Documents/vuz/5sem/schematech/5/simulation/qsim/Waveform.vwf.vt
quartus_eda --write_settings_files=off --simulation=on --functional=off --flatten_buses=off --timescale=1ps --tool=modelsim_oem --format=verilog --output_directory=/home/goodhumored/Documents/vuz/5sem/schematech/5/simulation/qsim/ 5 -c 5
quartus_fit --read_settings_files=off --write_settings_files=off 5 -c 5
quartus_asm --read_settings_files=off --write_settings_files=off 5 -c 5
quartus_sta 5 -c 5
quartus_eda --read_settings_files=off --write_settings_files=off 5 -c 5
quartus_eda --gen_testbench --tool=modelsim_oem --format=verilog --write_settings_files=off 5 -c 5 --vector_source=/home/goodhumored/Documents/vuz/5sem/schematech/5/Waveform.vwf --testbench_file=/home/goodhumored/Documents/vuz/5sem/schematech/5/simulation/qsim/Waveform.vwf.vt
quartus_eda --write_settings_files=off --simulation=on --functional=off --flatten_buses=off --timescale=1ps --tool=modelsim_oem --format=verilog --output_directory=/home/goodhumored/Documents/vuz/5sem/schematech/5/simulation/qsim/ 5 -c 5



