Analysis & Synthesis report for 6
Fri Feb 16 04:06:11 2024
Quartus Prime Version 22.1std.0 Build 915 10/25/2022 SC Standard Edition


---------------------
; Table of Contents ;
---------------------
  1. Legal Notice
  2. Analysis & Synthesis Summary
  3. Analysis & Synthesis Settings
  4. Parallel Compilation
  5. Analysis & Synthesis Source Files Read
  6. Analysis & Synthesis Resource Usage Summary
  7. Analysis & Synthesis Resource Utilization by Entity
  8. Analysis & Synthesis IP Cores Summary
  9. General Register Statistics
 10. Parameter Settings for User Entity Instance: lpm_mux_:inst5|lpm_mux:LPM_MUX_component
 11. Parameter Settings for User Entity Instance: lpm_comp:inst4|lpm_compare:LPM_COMPARE_component
 12. Parameter Settings for User Entity Instance: lpm_countr:inst7|lpm_counter:LPM_COUNTER_component
 13. Analysis & Synthesis Messages



----------------
; Legal Notice ;
----------------
Copyright (C) 2022  Intel Corporation. All rights reserved.
Your use of Intel Corporation's design tools, logic functions 
and other software and tools, and any partner logic 
functions, and any output files from any of the foregoing 
(including device programming or simulation files), and any 
associated documentation or information are expressly subject 
to the terms and conditions of the Intel Program License 
Subscription Agreement, the Intel Quartus Prime License Agreement,
the Intel FPGA IP License Agreement, or other applicable license
agreement, including, without limitation, that your use is for
the sole purpose of programming logic devices manufactured by
Intel and sold by Intel or its authorized distributors.  Please
refer to the applicable agreement for further details, at
https://fpgasoftware.intel.com/eula.



+----------------------------------------------------------------------------------+
; Analysis & Synthesis Summary                                                     ;
+-----------------------------+----------------------------------------------------+
; Analysis & Synthesis Status ; Successful - Fri Feb 16 04:06:11 2024              ;
; Quartus Prime Version       ; 22.1std.0 Build 915 10/25/2022 SC Standard Edition ;
; Revision Name               ; 6                                                  ;
; Top-level Entity Name       ; 6                                                  ;
; Family                      ; MAX II                                             ;
; Total logic elements        ; 14                                                 ;
; Total pins                  ; 6                                                  ;
; Total virtual pins          ; 0                                                  ;
; UFM blocks                  ; 0 / 1 ( 0 % )                                      ;
+-----------------------------+----------------------------------------------------+


+------------------------------------------------------------------------------------------------------------+
; Analysis & Synthesis Settings                                                                              ;
+------------------------------------------------------------------+--------------------+--------------------+
; Option                                                           ; Setting            ; Default Value      ;
+------------------------------------------------------------------+--------------------+--------------------+
; Device                                                           ; EPM570ZM256I8      ;                    ;
; Top-level entity name                                            ; 6                  ; 6                  ;
; Family name                                                      ; MAX II             ; Cyclone V          ;
; Use smart compilation                                            ; Off                ; Off                ;
; Enable parallel Assembler and Timing Analyzer during compilation ; On                 ; On                 ;
; Enable compact report table                                      ; Off                ; Off                ;
; Restructure Multiplexers                                         ; Auto               ; Auto               ;
; Create Debugging Nodes for IP Cores                              ; Off                ; Off                ;
; Preserve fewer node names                                        ; On                 ; On                 ;
; Intel FPGA IP Evaluation Mode                                    ; Enable             ; Enable             ;
; Verilog Version                                                  ; Verilog_2001       ; Verilog_2001       ;
; VHDL Version                                                     ; VHDL_1993          ; VHDL_1993          ;
; State Machine Processing                                         ; Auto               ; Auto               ;
; Safe State Machine                                               ; Off                ; Off                ;
; Extract Verilog State Machines                                   ; On                 ; On                 ;
; Extract VHDL State Machines                                      ; On                 ; On                 ;
; Ignore Verilog initial constructs                                ; Off                ; Off                ;
; Iteration limit for constant Verilog loops                       ; 5000               ; 5000               ;
; Iteration limit for non-constant Verilog loops                   ; 250                ; 250                ;
; Add Pass-Through Logic to Inferred RAMs                          ; On                 ; On                 ;
; Infer RAMs from Raw Logic                                        ; On                 ; On                 ;
; Parallel Synthesis                                               ; On                 ; On                 ;
; NOT Gate Push-Back                                               ; On                 ; On                 ;
; Power-Up Don't Care                                              ; On                 ; On                 ;
; Remove Redundant Logic Cells                                     ; Off                ; Off                ;
; Remove Duplicate Registers                                       ; On                 ; On                 ;
; Ignore CARRY Buffers                                             ; Off                ; Off                ;
; Ignore CASCADE Buffers                                           ; Off                ; Off                ;
; Ignore GLOBAL Buffers                                            ; Off                ; Off                ;
; Ignore ROW GLOBAL Buffers                                        ; Off                ; Off                ;
; Ignore LCELL Buffers                                             ; Off                ; Off                ;
; Ignore SOFT Buffers                                              ; On                 ; On                 ;
; Limit AHDL Integers to 32 Bits                                   ; Off                ; Off                ;
; Optimization Technique                                           ; Balanced           ; Balanced           ;
; Carry Chain Length                                               ; 70                 ; 70                 ;
; Auto Carry Chains                                                ; On                 ; On                 ;
; Auto Open-Drain Pins                                             ; On                 ; On                 ;
; Perform WYSIWYG Primitive Resynthesis                            ; Off                ; Off                ;
; Auto Shift Register Replacement                                  ; Auto               ; Auto               ;
; Allow Shift Register Merging across Hierarchies                  ; Auto               ; Auto               ;
; Auto Clock Enable Replacement                                    ; On                 ; On                 ;
; Allow Synchronous Control Signals                                ; On                 ; On                 ;
; Force Use of Synchronous Clear Signals                           ; Off                ; Off                ;
; Auto Resource Sharing                                            ; Off                ; Off                ;
; Use LogicLock Constraints during Resource Balancing              ; On                 ; On                 ;
; Ignore translate_off and synthesis_off directives                ; Off                ; Off                ;
; Report Parameter Settings                                        ; On                 ; On                 ;
; Report Source Assignments                                        ; On                 ; On                 ;
; Report Connectivity Checks                                       ; On                 ; On                 ;
; Ignore Maximum Fan-Out Assignments                               ; Off                ; Off                ;
; Synchronization Register Chain Length                            ; 2                  ; 2                  ;
; Power Optimization During Synthesis                              ; Normal compilation ; Normal compilation ;
; HDL message level                                                ; Level2             ; Level2             ;
; Suppress Register Optimization Related Messages                  ; Off                ; Off                ;
; Number of Removed Registers Reported in Synthesis Report         ; 5000               ; 5000               ;
; Number of Swept Nodes Reported in Synthesis Report               ; 5000               ; 5000               ;
; Number of Inverted Registers Reported in Synthesis Report        ; 100                ; 100                ;
; Clock MUX Protection                                             ; On                 ; On                 ;
; Block Design Naming                                              ; Auto               ; Auto               ;
; Synthesis Effort                                                 ; Auto               ; Auto               ;
; Shift Register Replacement - Allow Asynchronous Clear Signal     ; On                 ; On                 ;
; Analysis & Synthesis Message Level                               ; Medium             ; Medium             ;
; Disable Register Merging Across Hierarchies                      ; Auto               ; Auto               ;
+------------------------------------------------------------------+--------------------+--------------------+


+------------------------------------------+
; Parallel Compilation                     ;
+----------------------------+-------------+
; Processors                 ; Number      ;
+----------------------------+-------------+
; Number detected on machine ; 16          ;
; Maximum allowed            ; 12          ;
;                            ;             ;
; Average used               ; 1.00        ;
; Maximum used               ; 1           ;
;                            ;             ;
; Usage by Processor         ; % Time Used ;
;     Processor 1            ; 100.0%      ;
+----------------------------+-------------+


+-------------------------------------------------------------------------------------------------------------------------------------------------------------------------------------------------+
; Analysis & Synthesis Source Files Read                                                                                                                                                          ;
+----------------------------------+-----------------+------------------------------------+---------------------------------------------------------------------------------------------+---------+
; File Name with User-Entered Path ; Used in Netlist ; File Type                          ; File Name with Absolute Path                                                                ; Library ;
+----------------------------------+-----------------+------------------------------------+---------------------------------------------------------------------------------------------+---------+
; lpm_comp.v                       ; yes             ; User Wizard-Generated File         ; /home/goodhumored/Documents/vuz/5sem/schematech/6/lpm_comp.v                                ;         ;
; 6.bdf                            ; yes             ; User Block Diagram/Schematic File  ; /home/goodhumored/Documents/vuz/5sem/schematech/6/6.bdf                                     ;         ;
; lpm_mux_.v                       ; yes             ; User Wizard-Generated File         ; /home/goodhumored/Documents/vuz/5sem/schematech/6/lpm_mux_.v                                ;         ;
; lpm_countr.v                     ; yes             ; User Wizard-Generated File         ; /home/goodhumored/Documents/vuz/5sem/schematech/6/lpm_countr.v                              ;         ;
; lpm_mux.tdf                      ; yes             ; Megafunction                       ; /home/goodhumored/intelFPGA/22.1std/quartus/libraries/megafunctions/lpm_mux.tdf             ;         ;
; aglobal221.inc                   ; yes             ; Megafunction                       ; /home/goodhumored/intelFPGA/22.1std/quartus/libraries/megafunctions/aglobal221.inc          ;         ;
; muxlut.inc                       ; yes             ; Megafunction                       ; /home/goodhumored/intelFPGA/22.1std/quartus/libraries/megafunctions/muxlut.inc              ;         ;
; bypassff.inc                     ; yes             ; Megafunction                       ; /home/goodhumored/intelFPGA/22.1std/quartus/libraries/megafunctions/bypassff.inc            ;         ;
; altshift.inc                     ; yes             ; Megafunction                       ; /home/goodhumored/intelFPGA/22.1std/quartus/libraries/megafunctions/altshift.inc            ;         ;
; db/mux_i9c.tdf                   ; yes             ; Auto-Generated Megafunction        ; /home/goodhumored/Documents/vuz/5sem/schematech/6/db/mux_i9c.tdf                            ;         ;
; lpm_compare.tdf                  ; yes             ; Megafunction                       ; /home/goodhumored/intelFPGA/22.1std/quartus/libraries/megafunctions/lpm_compare.tdf         ;         ;
; comptree.inc                     ; yes             ; Megafunction                       ; /home/goodhumored/intelFPGA/22.1std/quartus/libraries/megafunctions/comptree.inc            ;         ;
; db/cmpr_hqi.tdf                  ; yes             ; Auto-Generated Megafunction        ; /home/goodhumored/Documents/vuz/5sem/schematech/6/db/cmpr_hqi.tdf                           ;         ;
; lpm_counter.tdf                  ; yes             ; Megafunction                       ; /home/goodhumored/intelFPGA/22.1std/quartus/libraries/megafunctions/lpm_counter.tdf         ;         ;
; lpm_constant.inc                 ; yes             ; Megafunction                       ; /home/goodhumored/intelFPGA/22.1std/quartus/libraries/megafunctions/lpm_constant.inc        ;         ;
; lpm_decode.inc                   ; yes             ; Megafunction                       ; /home/goodhumored/intelFPGA/22.1std/quartus/libraries/megafunctions/lpm_decode.inc          ;         ;
; lpm_add_sub.inc                  ; yes             ; Megafunction                       ; /home/goodhumored/intelFPGA/22.1std/quartus/libraries/megafunctions/lpm_add_sub.inc         ;         ;
; cmpconst.inc                     ; yes             ; Megafunction                       ; /home/goodhumored/intelFPGA/22.1std/quartus/libraries/megafunctions/cmpconst.inc            ;         ;
; lpm_compare.inc                  ; yes             ; Megafunction                       ; /home/goodhumored/intelFPGA/22.1std/quartus/libraries/megafunctions/lpm_compare.inc         ;         ;
; lpm_counter.inc                  ; yes             ; Megafunction                       ; /home/goodhumored/intelFPGA/22.1std/quartus/libraries/megafunctions/lpm_counter.inc         ;         ;
; dffeea.inc                       ; yes             ; Megafunction                       ; /home/goodhumored/intelFPGA/22.1std/quartus/libraries/megafunctions/dffeea.inc              ;         ;
; alt_counter_stratix.inc          ; yes             ; Megafunction                       ; /home/goodhumored/intelFPGA/22.1std/quartus/libraries/megafunctions/alt_counter_stratix.inc ;         ;
; db/cntr_2ji.tdf                  ; yes             ; Auto-Generated Megafunction        ; /home/goodhumored/Documents/vuz/5sem/schematech/6/db/cntr_2ji.tdf                           ;         ;
; db/cmpr_2vb.tdf                  ; yes             ; Auto-Generated Megafunction        ; /home/goodhumored/Documents/vuz/5sem/schematech/6/db/cmpr_2vb.tdf                           ;         ;
+----------------------------------+-----------------+------------------------------------+---------------------------------------------------------------------------------------------+---------+


+------------------------------------------------------------------------------------------------------------------------------------+
; Analysis & Synthesis Resource Usage Summary                                                                                        ;
+---------------------------------------------+--------------------------------------------------------------------------------------+
; Resource                                    ; Usage                                                                                ;
+---------------------------------------------+--------------------------------------------------------------------------------------+
; Total logic elements                        ; 14                                                                                   ;
;     -- Combinational with no register       ; 9                                                                                    ;
;     -- Register only                        ; 0                                                                                    ;
;     -- Combinational with a register        ; 5                                                                                    ;
;                                             ;                                                                                      ;
; Logic element usage by number of LUT inputs ;                                                                                      ;
;     -- 4 input functions                    ; 0                                                                                    ;
;     -- 3 input functions                    ; 3                                                                                    ;
;     -- 2 input functions                    ; 9                                                                                    ;
;     -- 1 input functions                    ; 1                                                                                    ;
;     -- 0 input functions                    ; 1                                                                                    ;
;                                             ;                                                                                      ;
; Logic elements by mode                      ;                                                                                      ;
;     -- normal mode                          ; 9                                                                                    ;
;     -- arithmetic mode                      ; 5                                                                                    ;
;     -- qfbk mode                            ; 0                                                                                    ;
;     -- register cascade mode                ; 0                                                                                    ;
;     -- synchronous clear/load mode          ; 5                                                                                    ;
;     -- asynchronous clear/load mode         ; 0                                                                                    ;
;                                             ;                                                                                      ;
; Total registers                             ; 5                                                                                    ;
; Total logic cells in carry chains           ; 6                                                                                    ;
; I/O pins                                    ; 6                                                                                    ;
; Maximum fan-out node                        ; lpm_countr:inst7|lpm_counter:LPM_COUNTER_component|cntr_2ji:auto_generated|safe_q[4] ;
; Maximum fan-out                             ; 7                                                                                    ;
; Total fan-out                               ; 48                                                                                   ;
; Average fan-out                             ; 2.40                                                                                 ;
+---------------------------------------------+--------------------------------------------------------------------------------------+


+----------------------------------------------------------------------------------------------------------------------------------------------------------------------------------------------------------------------------------------------------------------------------------------------------------------------------+
; Analysis & Synthesis Resource Utilization by Entity                                                                                                                                                                                                                                                                        ;
+-------------------------------------------+-------------+--------------+------------+------+--------------+--------------+-------------------+------------------+-----------------+------------+----------------------------------------------------------------------------------------------+-------------+--------------+
; Compilation Hierarchy Node                ; Logic Cells ; LC Registers ; UFM Blocks ; Pins ; Virtual Pins ; LUT-Only LCs ; Register-Only LCs ; LUT/Register LCs ; Carry Chain LCs ; Packed LCs ; Full Hierarchy Name                                                                          ; Entity Name ; Library Name ;
+-------------------------------------------+-------------+--------------+------------+------+--------------+--------------+-------------------+------------------+-----------------+------------+----------------------------------------------------------------------------------------------+-------------+--------------+
; |6                                        ; 14 (1)      ; 5            ; 0          ; 6    ; 0            ; 9 (1)        ; 0 (0)             ; 5 (0)            ; 6 (0)           ; 0 (0)      ; |6                                                                                           ; 6           ; work         ;
;    |lpm_countr:inst7|                     ; 7 (0)       ; 5            ; 0          ; 0    ; 0            ; 2 (0)        ; 0 (0)             ; 5 (0)            ; 6 (0)           ; 0 (0)      ; |6|lpm_countr:inst7                                                                          ; lpm_countr  ; work         ;
;       |lpm_counter:LPM_COUNTER_component| ; 7 (0)       ; 5            ; 0          ; 0    ; 0            ; 2 (0)        ; 0 (0)             ; 5 (0)            ; 6 (0)           ; 0 (0)      ; |6|lpm_countr:inst7|lpm_counter:LPM_COUNTER_component                                        ; lpm_counter ; work         ;
;          |cntr_2ji:auto_generated|        ; 7 (6)       ; 5            ; 0          ; 0    ; 0            ; 2 (1)        ; 0 (0)             ; 5 (5)            ; 6 (6)           ; 0 (0)      ; |6|lpm_countr:inst7|lpm_counter:LPM_COUNTER_component|cntr_2ji:auto_generated                ; cntr_2ji    ; work         ;
;             |cmpr_2vb:cmpr1|              ; 1 (1)       ; 0            ; 0          ; 0    ; 0            ; 1 (1)        ; 0 (0)             ; 0 (0)            ; 0 (0)           ; 0 (0)      ; |6|lpm_countr:inst7|lpm_counter:LPM_COUNTER_component|cntr_2ji:auto_generated|cmpr_2vb:cmpr1 ; cmpr_2vb    ; work         ;
;    |lpm_mux_:inst5|                       ; 6 (0)       ; 0            ; 0          ; 0    ; 0            ; 6 (0)        ; 0 (0)             ; 0 (0)            ; 0 (0)           ; 0 (0)      ; |6|lpm_mux_:inst5                                                                            ; lpm_mux_    ; work         ;
;       |lpm_mux:LPM_MUX_component|         ; 6 (0)       ; 0            ; 0          ; 0    ; 0            ; 6 (0)        ; 0 (0)             ; 0 (0)            ; 0 (0)           ; 0 (0)      ; |6|lpm_mux_:inst5|lpm_mux:LPM_MUX_component                                                  ; lpm_mux     ; work         ;
;          |mux_i9c:auto_generated|         ; 6 (6)       ; 0            ; 0          ; 0    ; 0            ; 6 (6)        ; 0 (0)             ; 0 (0)            ; 0 (0)           ; 0 (0)      ; |6|lpm_mux_:inst5|lpm_mux:LPM_MUX_component|mux_i9c:auto_generated                           ; mux_i9c     ; work         ;
+-------------------------------------------+-------------+--------------+------------+------+--------------+--------------+-------------------+------------------+-----------------+------------+----------------------------------------------------------------------------------------------+-------------+--------------+
Note: For table entries with two numbers listed, the numbers in parentheses indicate the number of resources of the given type used by the specific entity alone. The numbers listed outside of parentheses indicate the total resources of the given type used by the specific entity and all of its sub-entities in the hierarchy.


+-------------------------------------------------------------------------------------------------------+
; Analysis & Synthesis IP Cores Summary                                                                 ;
+--------+--------------+---------+--------------+--------------+---------------------+-----------------+
; Vendor ; IP Core Name ; Version ; Release Date ; License Type ; Entity Instance     ; IP Include File ;
+--------+--------------+---------+--------------+--------------+---------------------+-----------------+
; Altera ; LPM_COMPARE  ; 22.1    ; N/A          ; N/A          ; |6|lpm_comp:inst4   ; lpm_comp.v      ;
; Altera ; LPM_MUX      ; 22.1    ; N/A          ; N/A          ; |6|lpm_mux_:inst5   ; lpm_mux_.v      ;
; Altera ; LPM_COUNTER  ; 22.1    ; N/A          ; N/A          ; |6|lpm_countr:inst7 ; lpm_countr.v    ;
+--------+--------------+---------+--------------+--------------+---------------------+-----------------+


+------------------------------------------------------+
; General Register Statistics                          ;
+----------------------------------------------+-------+
; Statistic                                    ; Value ;
+----------------------------------------------+-------+
; Total registers                              ; 5     ;
; Number of registers using Synchronous Clear  ; 0     ;
; Number of registers using Synchronous Load   ; 5     ;
; Number of registers using Asynchronous Clear ; 0     ;
; Number of registers using Asynchronous Load  ; 0     ;
; Number of registers using Clock Enable       ; 0     ;
; Number of registers using Preset             ; 0     ;
+----------------------------------------------+-------+


+---------------------------------------------------------------------------------------+
; Parameter Settings for User Entity Instance: lpm_mux_:inst5|lpm_mux:LPM_MUX_component ;
+------------------------+---------+----------------------------------------------------+
; Parameter Name         ; Value   ; Type                                               ;
+------------------------+---------+----------------------------------------------------+
; AUTO_CARRY_CHAINS      ; ON      ; AUTO_CARRY                                         ;
; IGNORE_CARRY_BUFFERS   ; OFF     ; IGNORE_CARRY                                       ;
; AUTO_CASCADE_CHAINS    ; ON      ; AUTO_CASCADE                                       ;
; IGNORE_CASCADE_BUFFERS ; OFF     ; IGNORE_CASCADE                                     ;
; LPM_WIDTH              ; 5       ; Signed Integer                                     ;
; LPM_SIZE               ; 2       ; Signed Integer                                     ;
; LPM_WIDTHS             ; 1       ; Signed Integer                                     ;
; LPM_PIPELINE           ; 0       ; Untyped                                            ;
; CBXI_PARAMETER         ; mux_i9c ; Untyped                                            ;
; DEVICE_FAMILY          ; MAX II  ; Untyped                                            ;
+------------------------+---------+----------------------------------------------------+
Note: In order to hide this table in the UI and the text report file, please set the "Show Parameter Settings in Synthesis Report" option in "Analysis and Synthesis Settings -> More Settings" to "Off".


+-----------------------------------------------------------------------------------------------+
; Parameter Settings for User Entity Instance: lpm_comp:inst4|lpm_compare:LPM_COMPARE_component ;
+------------------------+----------+-----------------------------------------------------------+
; Parameter Name         ; Value    ; Type                                                      ;
+------------------------+----------+-----------------------------------------------------------+
; lpm_width              ; 5        ; Signed Integer                                            ;
; LPM_REPRESENTATION     ; UNSIGNED ; Untyped                                                   ;
; LPM_PIPELINE           ; 0        ; Untyped                                                   ;
; CHAIN_SIZE             ; 8        ; Untyped                                                   ;
; ONE_INPUT_IS_CONSTANT  ; YES      ; Untyped                                                   ;
; CARRY_CHAIN            ; MANUAL   ; Untyped                                                   ;
; CASCADE_CHAIN          ; MANUAL   ; Untyped                                                   ;
; CARRY_CHAIN_LENGTH     ; 48       ; CARRY_CHAIN_LENGTH                                        ;
; CASCADE_CHAIN_LENGTH   ; 2        ; CASCADE_CHAIN_LENGTH                                      ;
; DEVICE_FAMILY          ; MAX II   ; Untyped                                                   ;
; CBXI_PARAMETER         ; cmpr_hqi ; Untyped                                                   ;
; AUTO_CARRY_CHAINS      ; ON       ; AUTO_CARRY                                                ;
; IGNORE_CARRY_BUFFERS   ; OFF      ; IGNORE_CARRY                                              ;
; AUTO_CASCADE_CHAINS    ; ON       ; AUTO_CASCADE                                              ;
; IGNORE_CASCADE_BUFFERS ; OFF      ; IGNORE_CASCADE                                            ;
+------------------------+----------+-----------------------------------------------------------+
Note: In order to hide this table in the UI and the text report file, please set the "Show Parameter Settings in Synthesis Report" option in "Analysis and Synthesis Settings -> More Settings" to "Off".


+-------------------------------------------------------------------------------------------------+
; Parameter Settings for User Entity Instance: lpm_countr:inst7|lpm_counter:LPM_COUNTER_component ;
+------------------------+-------------+----------------------------------------------------------+
; Parameter Name         ; Value       ; Type                                                     ;
+------------------------+-------------+----------------------------------------------------------+
; AUTO_CARRY_CHAINS      ; ON          ; AUTO_CARRY                                               ;
; IGNORE_CARRY_BUFFERS   ; OFF         ; IGNORE_CARRY                                             ;
; AUTO_CASCADE_CHAINS    ; ON          ; AUTO_CASCADE                                             ;
; IGNORE_CASCADE_BUFFERS ; OFF         ; IGNORE_CASCADE                                           ;
; LPM_WIDTH              ; 5           ; Signed Integer                                           ;
; LPM_DIRECTION          ; UP          ; Untyped                                                  ;
; LPM_MODULUS            ; 20          ; Signed Integer                                           ;
; LPM_AVALUE             ; UNUSED      ; Untyped                                                  ;
; LPM_SVALUE             ; UNUSED      ; Untyped                                                  ;
; LPM_PORT_UPDOWN        ; PORT_UNUSED ; Untyped                                                  ;
; DEVICE_FAMILY          ; MAX II      ; Untyped                                                  ;
; CARRY_CHAIN            ; MANUAL      ; Untyped                                                  ;
; CARRY_CHAIN_LENGTH     ; 48          ; CARRY_CHAIN_LENGTH                                       ;
; NOT_GATE_PUSH_BACK     ; ON          ; NOT_GATE_PUSH_BACK                                       ;
; CARRY_CNT_EN           ; SMART       ; Untyped                                                  ;
; LABWIDE_SCLR           ; ON          ; Untyped                                                  ;
; USE_NEW_VERSION        ; TRUE        ; Untyped                                                  ;
; CBXI_PARAMETER         ; cntr_2ji    ; Untyped                                                  ;
+------------------------+-------------+----------------------------------------------------------+
Note: In order to hide this table in the UI and the text report file, please set the "Show Parameter Settings in Synthesis Report" option in "Analysis and Synthesis Settings -> More Settings" to "Off".


+-------------------------------+
; Analysis & Synthesis Messages ;
+-------------------------------+
Info: *******************************************************************
Info: Running Quartus Prime Analysis & Synthesis
    Info: Version 22.1std.0 Build 915 10/25/2022 SC Standard Edition
    Info: Processing started: Fri Feb 16 04:06:04 2024
Info: Command: quartus_map --read_settings_files=on --write_settings_files=off 6 -c 6
Warning (18236): Number of processors has not been specified which may cause overloading on shared machines.  Set the global assignment NUM_PARALLEL_PROCESSORS in your QSF to an appropriate value for best performance.
Info (20030): Parallel compilation is enabled and will use 12 of the 12 processors detected
Info (12021): Found 1 design units, including 1 entities, in source file lpm_comp.v
    Info (12023): Found entity 1: lpm_comp File: /home/goodhumored/Documents/vuz/5sem/schematech/6/lpm_comp.v Line: 40
Info (12021): Found 1 design units, including 1 entities, in source file 6.bdf
    Info (12023): Found entity 1: 6
Info (12021): Found 1 design units, including 1 entities, in source file lpm_mux_.v
    Info (12023): Found entity 1: lpm_mux_ File: /home/goodhumored/Documents/vuz/5sem/schematech/6/lpm_mux_.v Line: 40
Info (12021): Found 1 design units, including 1 entities, in source file lpm_countr.v
    Info (12023): Found entity 1: lpm_countr File: /home/goodhumored/Documents/vuz/5sem/schematech/6/lpm_countr.v Line: 40
Info (12127): Elaborating entity "6" for the top level hierarchy
Info (12128): Elaborating entity "lpm_mux_" for hierarchy "lpm_mux_:inst5"
Info (12128): Elaborating entity "lpm_mux" for hierarchy "lpm_mux_:inst5|lpm_mux:LPM_MUX_component" File: /home/goodhumored/Documents/vuz/5sem/schematech/6/lpm_mux_.v Line: 69
Info (12130): Elaborated megafunction instantiation "lpm_mux_:inst5|lpm_mux:LPM_MUX_component" File: /home/goodhumored/Documents/vuz/5sem/schematech/6/lpm_mux_.v Line: 69
Info (12133): Instantiated megafunction "lpm_mux_:inst5|lpm_mux:LPM_MUX_component" with the following parameter: File: /home/goodhumored/Documents/vuz/5sem/schematech/6/lpm_mux_.v Line: 69
    Info (12134): Parameter "lpm_size" = "2"
    Info (12134): Parameter "lpm_type" = "LPM_MUX"
    Info (12134): Parameter "lpm_width" = "5"
    Info (12134): Parameter "lpm_widths" = "1"
Info (12021): Found 1 design units, including 1 entities, in source file db/mux_i9c.tdf
    Info (12023): Found entity 1: mux_i9c File: /home/goodhumored/Documents/vuz/5sem/schematech/6/db/mux_i9c.tdf Line: 23
Info (12128): Elaborating entity "mux_i9c" for hierarchy "lpm_mux_:inst5|lpm_mux:LPM_MUX_component|mux_i9c:auto_generated" File: /home/goodhumored/intelFPGA/22.1std/quartus/libraries/megafunctions/lpm_mux.tdf Line: 87
Info (12128): Elaborating entity "lpm_comp" for hierarchy "lpm_comp:inst4"
Info (12128): Elaborating entity "lpm_compare" for hierarchy "lpm_comp:inst4|lpm_compare:LPM_COMPARE_component" File: /home/goodhumored/Documents/vuz/5sem/schematech/6/lpm_comp.v Line: 62
Info (12130): Elaborated megafunction instantiation "lpm_comp:inst4|lpm_compare:LPM_COMPARE_component" File: /home/goodhumored/Documents/vuz/5sem/schematech/6/lpm_comp.v Line: 62
Info (12133): Instantiated megafunction "lpm_comp:inst4|lpm_compare:LPM_COMPARE_component" with the following parameter: File: /home/goodhumored/Documents/vuz/5sem/schematech/6/lpm_comp.v Line: 62
    Info (12134): Parameter "lpm_hint" = "ONE_INPUT_IS_CONSTANT=YES"
    Info (12134): Parameter "lpm_representation" = "UNSIGNED"
    Info (12134): Parameter "lpm_type" = "LPM_COMPARE"
    Info (12134): Parameter "lpm_width" = "5"
Info (12021): Found 1 design units, including 1 entities, in source file db/cmpr_hqi.tdf
    Info (12023): Found entity 1: cmpr_hqi File: /home/goodhumored/Documents/vuz/5sem/schematech/6/db/cmpr_hqi.tdf Line: 23
Info (12128): Elaborating entity "cmpr_hqi" for hierarchy "lpm_comp:inst4|lpm_compare:LPM_COMPARE_component|cmpr_hqi:auto_generated" File: /home/goodhumored/intelFPGA/22.1std/quartus/libraries/megafunctions/lpm_compare.tdf Line: 281
Info (12128): Elaborating entity "lpm_countr" for hierarchy "lpm_countr:inst7"
Info (12128): Elaborating entity "lpm_counter" for hierarchy "lpm_countr:inst7|lpm_counter:LPM_COUNTER_component" File: /home/goodhumored/Documents/vuz/5sem/schematech/6/lpm_countr.v Line: 65
Info (12130): Elaborated megafunction instantiation "lpm_countr:inst7|lpm_counter:LPM_COUNTER_component" File: /home/goodhumored/Documents/vuz/5sem/schematech/6/lpm_countr.v Line: 65
Info (12133): Instantiated megafunction "lpm_countr:inst7|lpm_counter:LPM_COUNTER_component" with the following parameter: File: /home/goodhumored/Documents/vuz/5sem/schematech/6/lpm_countr.v Line: 65
    Info (12134): Parameter "lpm_direction" = "UP"
    Info (12134): Parameter "lpm_modulus" = "20"
    Info (12134): Parameter "lpm_port_updown" = "PORT_UNUSED"
    Info (12134): Parameter "lpm_type" = "LPM_COUNTER"
    Info (12134): Parameter "lpm_width" = "5"
Info (12021): Found 1 design units, including 1 entities, in source file db/cntr_2ji.tdf
    Info (12023): Found entity 1: cntr_2ji File: /home/goodhumored/Documents/vuz/5sem/schematech/6/db/cntr_2ji.tdf Line: 28
Info (12128): Elaborating entity "cntr_2ji" for hierarchy "lpm_countr:inst7|lpm_counter:LPM_COUNTER_component|cntr_2ji:auto_generated" File: /home/goodhumored/intelFPGA/22.1std/quartus/libraries/megafunctions/lpm_counter.tdf Line: 259
Info (12021): Found 1 design units, including 1 entities, in source file db/cmpr_2vb.tdf
    Info (12023): Found entity 1: cmpr_2vb File: /home/goodhumored/Documents/vuz/5sem/schematech/6/db/cmpr_2vb.tdf Line: 23
Info (12128): Elaborating entity "cmpr_2vb" for hierarchy "lpm_countr:inst7|lpm_counter:LPM_COUNTER_component|cntr_2ji:auto_generated|cmpr_2vb:cmpr1" File: /home/goodhumored/Documents/vuz/5sem/schematech/6/db/cntr_2ji.tdf Line: 34
Info (21057): Implemented 20 device resources after synthesis - the final resource count might be different
    Info (21058): Implemented 1 input pins
    Info (21059): Implemented 5 output pins
    Info (21061): Implemented 14 logic cells
Info: Quartus Prime Analysis & Synthesis was successful. 0 errors, 1 warning
    Info: Peak virtual memory: 354 megabytes
    Info: Processing ended: Fri Feb 16 04:06:11 2024
    Info: Elapsed time: 00:00:07
    Info: Total CPU time (on all processors): 00:00:17


